Arguments: 
  D:\nodejs\node.exe D:\nodejs\node_global\node_modules\yarn\bin\yarn.js add vuerify

PATH: 
  D:\VMware Workstation\bin\;D:\python\Python37\Scripts\;D:\python\Python37\;C:\Windows\system32;C:\Windows;C:\Windows\System32\Wbem;C:\Windows\System32\WindowsPowerShell\v1.0\;C:\Windows\System32\OpenSSH\;D:\Bandizip\;D:\nodejs\;D:\nodejs\node_global;D:\Git\cmd;D:\MariaDB 10.11\bin;D:\Redis\;d:\VS Code\bin;C:\Users\cqy\AppData\Local\Microsoft\WindowsApps;C:\Users\29348\AppData\Roaming\npm

Yarn version: 
  1.22.19

Node version: 
  18.15.0

Platform: 
  win32 x64

Trace: 
  Error: connect ECONNABORTED 116.253.29.187:443
      at TCPConnectWrap.afterConnect [as oncomplete] (node:net:1494:16)

npm manifest: 
  {
  	"name": "ele",
  	"version": "0.1.0",
  	"private": true,
  	"scripts": {
  		"serve": "vue-cli-service serve",
  		"build": "vue-cli-service build",
  		"lint": "vue-cli-service lint"
  	},
  	"dependencies": {
  		"axios": "^1.3.6",
  		"babel-loader": "^9.1.2",
  		"better-scroll": "^2.5.1",
  		"core-js": "^3.8.3",
  		"dayjs": "^1.11.7",
  		"install": "^0.13.0",
  		"sass-loader": "^13.2.2",
  		"swiper": "^5.4.0",
  		"vue": "^2.7.14",
  		"vue-lazyload": "^1.3.4",
  		"vue-m-message": "^3.1.0",
  		"vue-router": "^3.6.5",
  		"vuex": "^3.6.2"
  	},
  	"devDependencies": {
  		"@babel/core": "^7.12.16",
  		"@babel/eslint-parser": "^7.12.16",
  		"@vue/cli-plugin-babel": "~5.0.0",
  		"@vue/cli-plugin-eslint": "~5.0.0",
  		"@vue/cli-service": "~5.0.0",
  		"eslint": "^7.32.0",
  		"eslint-plugin-vue": "^8.0.3",
  		"vue-template-compiler": "^2.6.14"
  	},
  	"eslintConfig": {
  		"root": true,
  		"env": {
  			"node": true
  		},
  		"extends": [
  			"plugin:vue/essential",
  			"eslint:recommended"
  		],
  		"parserOptions": {
  			"parser": "@babel/eslint-parser"
  		},
  		"rules": {
  			"vue/multi-word-component-names": "off"
  		}
  	},
  	"browserslist": [
  		"> 1%",
  		"last 2 versions",
  		"not dead"
  	]
  }

yarn manifest: 
  No manifest

Lockfile: 
  No lockfile
